[2020-01-02 13:37:30.686] [exthost] [info] extension host started
[2020-01-02 13:37:30.704] [exthost] [info] ExtensionService#_doActivateExtension vscode.debug-auto-launch {"startup":true,"extensionId":{"value":"vscode.debug-auto-launch","_lower":"vscode.debug-auto-launch"},"activationEvent":"*"}
[2020-01-02 13:37:30.704] [exthost] [info] ExtensionService#loadCommonJSModule file:///opt/visual-studio-code/resources/app/extensions/debug-auto-launch/dist/extension
[2020-01-02 13:37:30.709] [exthost] [info] ExtensionService#_doActivateExtension vscode.emmet {"startup":true,"extensionId":{"value":"vscode.emmet","_lower":"vscode.emmet"},"activationEvent":"*"}
[2020-01-02 13:37:30.709] [exthost] [info] ExtensionService#loadCommonJSModule file:///opt/visual-studio-code/resources/app/extensions/emmet/dist/extension
[2020-01-02 13:37:30.719] [exthost] [info] ExtensionService#_doActivateExtension vscode.git {"startup":true,"extensionId":{"value":"vscode.git","_lower":"vscode.git"},"activationEvent":"*"}
[2020-01-02 13:37:30.719] [exthost] [info] ExtensionService#loadCommonJSModule file:///opt/visual-studio-code/resources/app/extensions/git/dist/main
[2020-01-02 13:37:30.737] [exthost] [info] ExtensionService#_doActivateExtension vscode.merge-conflict {"startup":true,"extensionId":{"value":"vscode.merge-conflict","_lower":"vscode.merge-conflict"},"activationEvent":"*"}
[2020-01-02 13:37:30.738] [exthost] [info] ExtensionService#loadCommonJSModule file:///opt/visual-studio-code/resources/app/extensions/merge-conflict/dist/extension
[2020-01-02 13:37:30.741] [exthost] [info] ExtensionService#_doActivateExtension vscode.search-result {"startup":true,"extensionId":{"value":"vscode.search-result","_lower":"vscode.search-result"},"activationEvent":"*"}
[2020-01-02 13:37:30.741] [exthost] [info] ExtensionService#loadCommonJSModule file:///opt/visual-studio-code/resources/app/extensions/search-result/dist/extension.js
[2020-01-02 13:37:30.742] [exthost] [info] ExtensionService#_doActivateExtension Shan.code-settings-sync {"startup":true,"extensionId":{"value":"Shan.code-settings-sync","_lower":"shan.code-settings-sync"},"activationEvent":"*"}
[2020-01-02 13:37:30.742] [exthost] [info] ExtensionService#loadCommonJSModule file:///home/miganga/.vscode/extensions/shan.code-settings-sync-3.4.3/out/extension.js
[2020-01-02 13:37:30.785] [exthost] [info] eager extensions activated
[2020-01-02 13:37:45.594] [exthost] [info] ExtensionService#_doActivateExtension vscode.configuration-editing {"startup":false,"extensionId":{"value":"vscode.configuration-editing","_lower":"vscode.configuration-editing"},"activationEvent":"onLanguage:jsonc"}
[2020-01-02 13:37:45.594] [exthost] [info] ExtensionService#loadCommonJSModule file:///opt/visual-studio-code/resources/app/extensions/configuration-editing/dist/extension
[2020-01-02 13:37:45.597] [exthost] [info] ExtensionService#_doActivateExtension vscode.json-language-features {"startup":false,"extensionId":{"value":"vscode.json-language-features","_lower":"vscode.json-language-features"},"activationEvent":"onLanguage:jsonc"}
[2020-01-02 13:37:45.597] [exthost] [info] ExtensionService#loadCommonJSModule file:///opt/visual-studio-code/resources/app/extensions/json-language-features/client/dist/jsonMain
[2020-01-02 13:37:45.610] [exthost] [info] ExtensionService#_doActivateExtension vscode.typescript-language-features {"startup":false,"extensionId":{"value":"vscode.typescript-language-features","_lower":"vscode.typescript-language-features"},"activationEvent":"onLanguage:jsonc"}
[2020-01-02 13:37:45.610] [exthost] [info] ExtensionService#loadCommonJSModule file:///opt/visual-studio-code/resources/app/extensions/typescript-language-features/dist/extension
[2020-01-02 13:43:28.937] [exthost] [info] ExtensionService#_doActivateExtension vscode.extension-editing {"startup":false,"extensionId":{"value":"vscode.extension-editing","_lower":"vscode.extension-editing"},"activationEvent":"onLanguage:json"}
[2020-01-02 13:43:28.937] [exthost] [info] ExtensionService#loadCommonJSModule file:///opt/visual-studio-code/resources/app/extensions/extension-editing/dist/extension
[2020-01-02 13:43:28.945] [exthost] [info] ExtensionService#_doActivateExtension vscode.npm {"startup":false,"extensionId":{"value":"vscode.npm","_lower":"vscode.npm"},"activationEvent":"onLanguage:json"}
[2020-01-02 13:43:28.946] [exthost] [info] ExtensionService#loadCommonJSModule file:///opt/visual-studio-code/resources/app/extensions/npm/dist/main
[2020-01-02 13:44:26.494] [exthost] [info] ExtensionService#_doActivateExtension formulahendry.auto-close-tag {"startup":false,"extensionId":{"value":"formulahendry.auto-close-tag","_lower":"formulahendry.auto-close-tag"},"activationEvent":"*"}
[2020-01-02 13:44:26.494] [exthost] [info] ExtensionService#loadCommonJSModule file:///home/miganga/.vscode/extensions/formulahendry.auto-close-tag-0.5.6/out/src/extension
[2020-01-02 13:44:27.042] [exthost] [info] ExtensionService#_doActivateExtension formulahendry.auto-rename-tag {"startup":false,"extensionId":{"value":"formulahendry.auto-rename-tag","_lower":"formulahendry.auto-rename-tag"},"activationEvent":"*"}
[2020-01-02 13:44:27.042] [exthost] [info] ExtensionService#loadCommonJSModule file:///home/miganga/.vscode/extensions/formulahendry.auto-rename-tag-0.1.1/out/src/extension
[2020-01-02 13:44:29.670] [exthost] [info] ExtensionService#_doActivateExtension CoenraadS.bracket-pair-colorizer {"startup":false,"extensionId":{"value":"CoenraadS.bracket-pair-colorizer","_lower":"coenraads.bracket-pair-colorizer"},"activationEvent":"*"}
[2020-01-02 13:44:29.670] [exthost] [info] ExtensionService#loadCommonJSModule file:///home/miganga/.vscode/extensions/coenraads.bracket-pair-colorizer-1.0.61/out/src/extension
[2020-01-02 13:44:31.079] [exthost] [info] ExtensionService#_doActivateExtension naumovs.color-highlight {"startup":false,"extensionId":{"value":"naumovs.color-highlight","_lower":"naumovs.color-highlight"},"activationEvent":"*"}
[2020-01-02 13:44:31.079] [exthost] [info] ExtensionService#loadCommonJSModule file:///home/miganga/.vscode/extensions/naumovs.color-highlight-2.3.0/dist/extension
[2020-01-02 13:44:34.748] [exthost] [info] ExtensionService#_doActivateExtension EditorConfig.EditorConfig {"startup":false,"extensionId":{"value":"EditorConfig.EditorConfig","_lower":"editorconfig.editorconfig"},"activationEvent":"*"}
[2020-01-02 13:44:34.749] [exthost] [info] ExtensionService#loadCommonJSModule file:///home/miganga/.vscode/extensions/editorconfig.editorconfig-0.14.4/out/editorConfigMain.js
[2020-01-02 13:44:41.957] [exthost] [info] ExtensionService#_doActivateExtension eamodio.gitlens {"startup":false,"extensionId":{"value":"eamodio.gitlens","_lower":"eamodio.gitlens"},"activationEvent":"*"}
[2020-01-02 13:44:41.957] [exthost] [info] ExtensionService#loadCommonJSModule file:///home/miganga/.vscode/extensions/eamodio.gitlens-10.2.0/dist/extension
[2020-01-02 13:44:42.104] [exthost] [info] ExtensionService#_doActivateExtension vscode.html-language-features {"startup":false,"extensionId":{"value":"vscode.html-language-features","_lower":"vscode.html-language-features"},"activationEvent":"onLanguage:html"}
[2020-01-02 13:44:42.104] [exthost] [info] ExtensionService#loadCommonJSModule file:///opt/visual-studio-code/resources/app/extensions/html-language-features/client/dist/htmlMain
[2020-01-02 13:45:11.971] [exthost] [info] ExtensionService#_doActivateExtension ms-vscode.Go {"startup":false,"extensionId":{"value":"ms-vscode.Go","_lower":"ms-vscode.go"},"activationEvent":"workspaceContains:**/*.go"}
[2020-01-02 13:45:11.971] [exthost] [info] ExtensionService#loadCommonJSModule file:///home/miganga/.vscode/extensions/ms-vscode.go-0.12.0/out/src/goMain
[2020-01-02 13:45:12.208] [exthost] [error] Activating extension ms-vscode.Go failed due to an error:
[2020-01-02 13:45:12.209] [exthost] [error] TypeError: Cannot read property 'then' of undefined
	at activate (/home/miganga/.vscode/extensions/ms-vscode.go-0.12.0/out/src/goMain.js:48:52)
	at Function._callActivateOptional (/opt/visual-studio-code/resources/app/out/vs/workbench/services/extensions/node/extensionHostProcess.js:695:911)
	at Function._callActivate (/opt/visual-studio-code/resources/app/out/vs/workbench/services/extensions/node/extensionHostProcess.js:695:562)
	at /opt/visual-studio-code/resources/app/out/vs/workbench/services/extensions/node/extensionHostProcess.js:694:651
[2020-01-02 13:45:20.951] [exthost] [info] ExtensionService#_doActivateExtension geddski.macros {"startup":false,"extensionId":{"value":"geddski.macros","_lower":"geddski.macros"},"activationEvent":"*"}
[2020-01-02 13:45:20.951] [exthost] [info] ExtensionService#loadCommonJSModule file:///home/miganga/.vscode/extensions/geddski.macros-1.2.1/extension
[2020-01-02 13:45:24.259] [exthost] [info] ExtensionService#_doActivateExtension yzhang.markdown-all-in-one {"startup":false,"extensionId":{"value":"yzhang.markdown-all-in-one","_lower":"yzhang.markdown-all-in-one"},"activationEvent":"workspaceContains:README.md"}
[2020-01-02 13:45:24.259] [exthost] [info] ExtensionService#loadCommonJSModule file:///home/miganga/.vscode/extensions/yzhang.markdown-all-in-one-2.6.1/dist/extension
[2020-01-02 13:45:44.823] [exthost] [info] ExtensionService#_doActivateExtension PKief.material-icon-theme {"startup":false,"extensionId":{"value":"PKief.material-icon-theme","_lower":"pkief.material-icon-theme"},"activationEvent":"*"}
[2020-01-02 13:45:44.823] [exthost] [info] ExtensionService#loadCommonJSModule file:///home/miganga/.vscode/extensions/pkief.material-icon-theme-3.9.2/dist/extension
[2020-01-02 13:45:46.221] [exthost] [info] ExtensionService#_doActivateExtension zhuangtongfa.material-theme {"startup":false,"extensionId":{"value":"zhuangtongfa.material-theme","_lower":"zhuangtongfa.material-theme"},"activationEvent":"*"}
[2020-01-02 13:45:46.221] [exthost] [info] ExtensionService#loadCommonJSModule file:///home/miganga/.vscode/extensions/zhuangtongfa.material-theme-3.2.1/out/extension.js
[2020-01-02 13:45:57.341] [exthost] [info] ExtensionService#_doActivateExtension christian-kohler.path-intellisense {"startup":false,"extensionId":{"value":"christian-kohler.path-intellisense","_lower":"christian-kohler.path-intellisense"},"activationEvent":"*"}
[2020-01-02 13:45:57.341] [exthost] [info] ExtensionService#loadCommonJSModule file:///home/miganga/.vscode/extensions/christian-kohler.path-intellisense-1.4.2/out/src/extension
[2020-01-02 13:45:59.855] [exthost] [info] ExtensionService#_doActivateExtension esbenp.prettier-vscode {"startup":false,"extensionId":{"value":"esbenp.prettier-vscode","_lower":"esbenp.prettier-vscode"},"activationEvent":"*"}
[2020-01-02 13:45:59.855] [exthost] [info] ExtensionService#loadCommonJSModule file:///home/miganga/.vscode/extensions/esbenp.prettier-vscode-3.18.0/dist/extension
[2020-01-02 13:46:02.871] [exthost] [info] ExtensionService#_doActivateExtension alefragnani.project-manager {"startup":false,"extensionId":{"value":"alefragnani.project-manager","_lower":"alefragnani.project-manager"},"activationEvent":"*"}
[2020-01-02 13:46:02.871] [exthost] [info] ExtensionService#loadCommonJSModule file:///home/miganga/.vscode/extensions/alefragnani.project-manager-10.9.1/dist/extension
[2020-01-02 13:46:06.269] [exthost] [info] ExtensionService#_doActivateExtension artdiniz.quitcontrol-vscode {"startup":false,"extensionId":{"value":"artdiniz.quitcontrol-vscode","_lower":"artdiniz.quitcontrol-vscode"},"activationEvent":"*"}
[2020-01-02 13:46:06.269] [exthost] [info] ExtensionService#loadCommonJSModule file:///home/miganga/.vscode/extensions/artdiniz.quitcontrol-vscode-3.1.3/out/extension
[2020-01-02 13:46:11.749] [exthost] [info] ExtensionService#_doActivateExtension WallabyJs.quokka-vscode {"startup":false,"extensionId":{"value":"WallabyJs.quokka-vscode","_lower":"wallabyjs.quokka-vscode"},"activationEvent":"*"}
[2020-01-02 13:46:11.749] [exthost] [info] ExtensionService#loadCommonJSModule file:///home/miganga/.vscode/extensions/wallabyjs.quokka-vscode-1.0.267/index
[2020-01-02 13:46:12.954] [exthost] [info] ExtensionService#_doActivateExtension purplestone.savebackup {"startup":false,"extensionId":{"value":"purplestone.savebackup","_lower":"purplestone.savebackup"},"activationEvent":"*"}
[2020-01-02 13:46:12.954] [exthost] [info] ExtensionService#loadCommonJSModule file:///home/miganga/.vscode/extensions/purplestone.savebackup-0.0.4/extension
[2020-01-02 13:46:23.668] [exthost] [info] ExtensionService#_doActivateExtension Equinusocio.vsc-material-theme {"startup":false,"extensionId":{"value":"Equinusocio.vsc-material-theme","_lower":"equinusocio.vsc-material-theme"},"activationEvent":"*"}
[2020-01-02 13:46:23.669] [exthost] [info] ExtensionService#loadCommonJSModule file:///home/miganga/.vscode/extensions/equinusocio.vsc-material-theme-30.0.0/out/src/material.theme.config
[2020-01-02 13:46:27.974] [exthost] [info] ExtensionService#_doActivateExtension dbaeumer.vscode-eslint {"startup":false,"extensionId":{"value":"dbaeumer.vscode-eslint","_lower":"dbaeumer.vscode-eslint"},"activationEvent":"*"}
[2020-01-02 13:46:27.974] [exthost] [info] ExtensionService#loadCommonJSModule file:///home/miganga/.vscode/extensions/dbaeumer.vscode-eslint-2.0.11/client/out/extension
[2020-01-02 13:46:30.031] [exthost] [info] ExtensionService#_doActivateExtension ecmel.vscode-html-css {"startup":false,"extensionId":{"value":"ecmel.vscode-html-css","_lower":"ecmel.vscode-html-css"},"activationEvent":"onLanguage:html"}
[2020-01-02 13:46:30.031] [exthost] [info] ExtensionService#loadCommonJSModule file:///home/miganga/.vscode/extensions/ecmel.vscode-html-css-0.2.3/dist/extension
[2020-01-02 13:46:45.967] [exthost] [info] ExtensionService#_doActivateExtension Orta.vscode-jest {"startup":false,"extensionId":{"value":"Orta.vscode-jest","_lower":"orta.vscode-jest"},"activationEvent":"workspaceContains:jest.config.js"}
[2020-01-02 13:46:45.967] [exthost] [info] ExtensionService#loadCommonJSModule file:///home/miganga/.vscode/extensions/orta.vscode-jest-3.1.0/out/extension
[2020-01-02 13:46:46.197] [exthost] [error] Activating extension Orta.vscode-jest failed due to an error:
[2020-01-02 13:46:46.197] [exthost] [error] TypeError: Cannot read property 'forEach' of undefined
	at t.ExtensionManager.registerAll (/home/miganga/.vscode/extensions/orta.vscode-jest-3.1.0/out/extension.js:129:73624)
	at new t.ExtensionManager (/home/miganga/.vscode/extensions/orta.vscode-jest-3.1.0/out/extension.js:129:72879)
	at t.activate (/home/miganga/.vscode/extensions/orta.vscode-jest-3.1.0/out/extension.js:129:22704)
	at Function._callActivateOptional (/opt/visual-studio-code/resources/app/out/vs/workbench/services/extensions/node/extensionHostProcess.js:695:911)
	at Function._callActivate (/opt/visual-studio-code/resources/app/out/vs/workbench/services/extensions/node/extensionHostProcess.js:695:562)
	at /opt/visual-studio-code/resources/app/out/vs/workbench/services/extensions/node/extensionHostProcess.js:694:651
[2020-01-02 13:46:49.671] [exthost] [info] ExtensionService#_doActivateExtension GitHub.vscode-pull-request-github {"startup":false,"extensionId":{"value":"GitHub.vscode-pull-request-github","_lower":"github.vscode-pull-request-github"},"activationEvent":"*"}
[2020-01-02 13:46:49.671] [exthost] [info] ExtensionService#loadCommonJSModule file:///home/miganga/.vscode/extensions/github.vscode-pull-request-github-0.13.0/media/extension
[2020-01-02 13:47:05.647] [exthost] [info] ExtensionService#_doActivateExtension cssho.vscode-svgviewer {"startup":false,"extensionId":{"value":"cssho.vscode-svgviewer","_lower":"cssho.vscode-svgviewer"},"activationEvent":"*"}
[2020-01-02 13:47:05.647] [exthost] [info] ExtensionService#loadCommonJSModule file:///home/miganga/.vscode/extensions/cssho.vscode-svgviewer-2.0.0/out/src/extension
[2020-01-02 13:47:13.915] [exthost] [info] ExtensionService#_doActivateExtension pflannery.vscode-versionlens {"startup":false,"extensionId":{"value":"pflannery.vscode-versionlens","_lower":"pflannery.vscode-versionlens"},"activationEvent":"onLanguage:json"}
[2020-01-02 13:47:13.915] [exthost] [info] ExtensionService#loadCommonJSModule file:///home/miganga/.vscode/extensions/pflannery.vscode-versionlens-0.24.0/out/extension-bundle.js
[2020-01-02 13:52:18.359] [exthost] [info] extension host started
[2020-01-02 13:52:18.454] [exthost] [info] ExtensionService#_doActivateExtension vscode.debug-auto-launch {"startup":true,"extensionId":{"value":"vscode.debug-auto-launch","_lower":"vscode.debug-auto-launch"},"activationEvent":"*"}
[2020-01-02 13:52:18.454] [exthost] [info] ExtensionService#loadCommonJSModule file:///opt/visual-studio-code/resources/app/extensions/debug-auto-launch/dist/extension
[2020-01-02 13:52:18.457] [exthost] [info] ExtensionService#_doActivateExtension vscode.emmet {"startup":true,"extensionId":{"value":"vscode.emmet","_lower":"vscode.emmet"},"activationEvent":"*"}
[2020-01-02 13:52:18.457] [exthost] [info] ExtensionService#loadCommonJSModule file:///opt/visual-studio-code/resources/app/extensions/emmet/dist/extension
[2020-01-02 13:52:18.466] [exthost] [info] ExtensionService#_doActivateExtension vscode.git {"startup":true,"extensionId":{"value":"GitHub.vscode-pull-request-github","_lower":"github.vscode-pull-request-github"},"activationEvent":"*"}
[2020-01-02 13:52:18.466] [exthost] [info] ExtensionService#loadCommonJSModule file:///opt/visual-studio-code/resources/app/extensions/git/dist/main
[2020-01-02 13:52:18.478] [exthost] [info] ExtensionService#_doActivateExtension vscode.merge-conflict {"startup":true,"extensionId":{"value":"vscode.merge-conflict","_lower":"vscode.merge-conflict"},"activationEvent":"*"}
[2020-01-02 13:52:18.479] [exthost] [info] ExtensionService#loadCommonJSModule file:///opt/visual-studio-code/resources/app/extensions/merge-conflict/dist/extension
[2020-01-02 13:52:18.483] [exthost] [info] ExtensionService#_doActivateExtension vscode.search-result {"startup":true,"extensionId":{"value":"vscode.search-result","_lower":"vscode.search-result"},"activationEvent":"*"}
[2020-01-02 13:52:18.483] [exthost] [info] ExtensionService#loadCommonJSModule file:///opt/visual-studio-code/resources/app/extensions/search-result/dist/extension.js
[2020-01-02 13:52:18.484] [exthost] [info] ExtensionService#_doActivateExtension alefragnani.project-manager {"startup":true,"extensionId":{"value":"alefragnani.project-manager","_lower":"alefragnani.project-manager"},"activationEvent":"*"}
[2020-01-02 13:52:18.484] [exthost] [info] ExtensionService#loadCommonJSModule file:///home/miganga/.vscode/extensions/alefragnani.project-manager-10.9.1/dist/extension
[2020-01-02 13:52:18.488] [exthost] [info] ExtensionService#_doActivateExtension artdiniz.quitcontrol-vscode {"startup":true,"extensionId":{"value":"artdiniz.quitcontrol-vscode","_lower":"artdiniz.quitcontrol-vscode"},"activationEvent":"*"}
[2020-01-02 13:52:18.488] [exthost] [info] ExtensionService#loadCommonJSModule file:///home/miganga/.vscode/extensions/artdiniz.quitcontrol-vscode-3.1.3/out/extension
[2020-01-02 13:52:18.492] [exthost] [info] ExtensionService#_doActivateExtension christian-kohler.path-intellisense {"startup":true,"extensionId":{"value":"christian-kohler.path-intellisense","_lower":"christian-kohler.path-intellisense"},"activationEvent":"*"}
[2020-01-02 13:52:18.492] [exthost] [info] ExtensionService#loadCommonJSModule file:///home/miganga/.vscode/extensions/christian-kohler.path-intellisense-1.4.2/out/src/extension
[2020-01-02 13:52:18.502] [exthost] [info] ExtensionService#_doActivateExtension CoenraadS.bracket-pair-colorizer {"startup":true,"extensionId":{"value":"CoenraadS.bracket-pair-colorizer","_lower":"coenraads.bracket-pair-colorizer"},"activationEvent":"*"}
[2020-01-02 13:52:18.502] [exthost] [info] ExtensionService#loadCommonJSModule file:///home/miganga/.vscode/extensions/coenraads.bracket-pair-colorizer-1.0.61/out/src/extension
[2020-01-02 13:52:18.513] [exthost] [info] ExtensionService#_doActivateExtension cssho.vscode-svgviewer {"startup":true,"extensionId":{"value":"cssho.vscode-svgviewer","_lower":"cssho.vscode-svgviewer"},"activationEvent":"*"}
[2020-01-02 13:52:18.513] [exthost] [info] ExtensionService#loadCommonJSModule file:///home/miganga/.vscode/extensions/cssho.vscode-svgviewer-2.0.0/out/src/extension
[2020-01-02 13:52:18.531] [exthost] [info] ExtensionService#_doActivateExtension dbaeumer.vscode-eslint {"startup":true,"extensionId":{"value":"dbaeumer.vscode-eslint","_lower":"dbaeumer.vscode-eslint"},"activationEvent":"*"}
[2020-01-02 13:52:18.531] [exthost] [info] ExtensionService#loadCommonJSModule file:///home/miganga/.vscode/extensions/dbaeumer.vscode-eslint-2.0.11/client/out/extension
[2020-01-02 13:52:18.545] [exthost] [info] ExtensionService#_doActivateExtension eamodio.gitlens {"startup":true,"extensionId":{"value":"eamodio.gitlens","_lower":"eamodio.gitlens"},"activationEvent":"*"}
[2020-01-02 13:52:18.545] [exthost] [info] ExtensionService#loadCommonJSModule file:///home/miganga/.vscode/extensions/eamodio.gitlens-10.2.0/dist/extension
[2020-01-02 13:52:18.599] [exthost] [info] ExtensionService#_doActivateExtension EditorConfig.EditorConfig {"startup":true,"extensionId":{"value":"EditorConfig.EditorConfig","_lower":"editorconfig.editorconfig"},"activationEvent":"*"}
[2020-01-02 13:52:18.599] [exthost] [info] ExtensionService#loadCommonJSModule file:///home/miganga/.vscode/extensions/editorconfig.editorconfig-0.14.4/out/editorConfigMain.js
[2020-01-02 13:52:18.616] [exthost] [info] ExtensionService#_doActivateExtension Equinusocio.vsc-material-theme {"startup":true,"extensionId":{"value":"Equinusocio.vsc-material-theme","_lower":"equinusocio.vsc-material-theme"},"activationEvent":"*"}
[2020-01-02 13:52:18.616] [exthost] [info] ExtensionService#loadCommonJSModule file:///home/miganga/.vscode/extensions/equinusocio.vsc-material-theme-30.0.0/out/src/material.theme.config
[2020-01-02 13:52:18.621] [exthost] [info] ExtensionService#_doActivateExtension esbenp.prettier-vscode {"startup":true,"extensionId":{"value":"esbenp.prettier-vscode","_lower":"esbenp.prettier-vscode"},"activationEvent":"*"}
[2020-01-02 13:52:18.621] [exthost] [info] ExtensionService#loadCommonJSModule file:///home/miganga/.vscode/extensions/esbenp.prettier-vscode-3.18.0/dist/extension
[2020-01-02 13:52:18.682] [exthost] [info] ExtensionService#_doActivateExtension formulahendry.auto-close-tag {"startup":true,"extensionId":{"value":"formulahendry.auto-close-tag","_lower":"formulahendry.auto-close-tag"},"activationEvent":"*"}
[2020-01-02 13:52:18.682] [exthost] [info] ExtensionService#loadCommonJSModule file:///home/miganga/.vscode/extensions/formulahendry.auto-close-tag-0.5.6/out/src/extension
[2020-01-02 13:52:18.683] [exthost] [info] ExtensionService#_doActivateExtension formulahendry.auto-rename-tag {"startup":true,"extensionId":{"value":"formulahendry.auto-rename-tag","_lower":"formulahendry.auto-rename-tag"},"activationEvent":"*"}
[2020-01-02 13:52:18.683] [exthost] [info] ExtensionService#loadCommonJSModule file:///home/miganga/.vscode/extensions/formulahendry.auto-rename-tag-0.1.1/out/src/extension
[2020-01-02 13:52:18.684] [exthost] [info] ExtensionService#_doActivateExtension geddski.macros {"startup":true,"extensionId":{"value":"geddski.macros","_lower":"geddski.macros"},"activationEvent":"*"}
[2020-01-02 13:52:18.684] [exthost] [info] ExtensionService#loadCommonJSModule file:///home/miganga/.vscode/extensions/geddski.macros-1.2.1/extension
[2020-01-02 13:52:18.708] [exthost] [info] ExtensionService#_doActivateExtension naumovs.color-highlight {"startup":true,"extensionId":{"value":"naumovs.color-highlight","_lower":"naumovs.color-highlight"},"activationEvent":"*"}
[2020-01-02 13:52:18.708] [exthost] [info] ExtensionService#loadCommonJSModule file:///home/miganga/.vscode/extensions/naumovs.color-highlight-2.3.0/dist/extension
[2020-01-02 13:52:18.712] [exthost] [info] ExtensionService#_doActivateExtension PKief.material-icon-theme {"startup":true,"extensionId":{"value":"PKief.material-icon-theme","_lower":"pkief.material-icon-theme"},"activationEvent":"*"}
[2020-01-02 13:52:18.712] [exthost] [info] ExtensionService#loadCommonJSModule file:///home/miganga/.vscode/extensions/pkief.material-icon-theme-3.9.2/dist/extension
[2020-01-02 13:52:18.720] [exthost] [info] ExtensionService#_doActivateExtension purplestone.savebackup {"startup":true,"extensionId":{"value":"purplestone.savebackup","_lower":"purplestone.savebackup"},"activationEvent":"*"}
[2020-01-02 13:52:18.720] [exthost] [info] ExtensionService#loadCommonJSModule file:///home/miganga/.vscode/extensions/purplestone.savebackup-0.0.4/extension
[2020-01-02 13:52:18.721] [exthost] [info] ExtensionService#_doActivateExtension Shan.code-settings-sync {"startup":true,"extensionId":{"value":"Shan.code-settings-sync","_lower":"shan.code-settings-sync"},"activationEvent":"*"}
[2020-01-02 13:52:18.721] [exthost] [info] ExtensionService#loadCommonJSModule file:///home/miganga/.vscode/extensions/shan.code-settings-sync-3.4.3/out/extension.js
[2020-01-02 13:52:18.754] [exthost] [info] ExtensionService#_doActivateExtension WallabyJs.quokka-vscode {"startup":true,"extensionId":{"value":"WallabyJs.quokka-vscode","_lower":"wallabyjs.quokka-vscode"},"activationEvent":"*"}
[2020-01-02 13:52:18.754] [exthost] [info] ExtensionService#loadCommonJSModule file:///home/miganga/.vscode/extensions/wallabyjs.quokka-vscode-1.0.267/index
[2020-01-02 13:52:18.755] [exthost] [info] ExtensionService#_doActivateExtension zhuangtongfa.material-theme {"startup":true,"extensionId":{"value":"zhuangtongfa.material-theme","_lower":"zhuangtongfa.material-theme"},"activationEvent":"*"}
[2020-01-02 13:52:18.755] [exthost] [info] ExtensionService#loadCommonJSModule file:///home/miganga/.vscode/extensions/zhuangtongfa.material-theme-3.2.1/out/extension.js
[2020-01-02 13:52:18.768] [exthost] [info] eager extensions activated
[2020-01-02 13:52:18.992] [exthost] [info] ExtensionService#_doActivateExtension GitHub.vscode-pull-request-github {"startup":true,"extensionId":{"value":"GitHub.vscode-pull-request-github","_lower":"github.vscode-pull-request-github"},"activationEvent":"*"}
[2020-01-02 13:52:18.992] [exthost] [info] ExtensionService#loadCommonJSModule file:///home/miganga/.vscode/extensions/github.vscode-pull-request-github-0.13.0/media/extension
